<?xml version="1.0" encoding="UTF-8"?>
<coverage generated="1560150631597" clover="3.2.0">
  <project timestamp="1560150631598" name="All files">
    <metrics statements="31" coveredstatements="31" conditionals="23" coveredconditionals="23" methods="8" coveredmethods="8" elements="62" coveredelements="62" complexity="0" loc="31" ncloc="31" packages="1" files="2" classes="2"/>
    <file name="index.ts" path="/home/whj/Documents/myProject/type-redux-hook/src/index.ts">
      <metrics statements="16" coveredstatements="16" conditionals="2" coveredconditionals="2" methods="6" coveredmethods="6"/>
      <line num="10" count="4" type="stmt"/>
      <line num="11" count="6" type="stmt"/>
      <line num="12" count="6" type="stmt"/>
      <line num="13" count="6" type="stmt"/>
      <line num="15" count="6" type="stmt"/>
      <line num="16" count="7" type="stmt"/>
      <line num="17" count="7" type="cond" truecount="2" falsecount="0"/>
      <line num="18" count="2" type="stmt"/>
      <line num="20" count="7" type="stmt"/>
      <line num="23" count="6" type="stmt"/>
      <line num="24" count="6" type="stmt"/>
      <line num="25" count="6" type="stmt"/>
      <line num="28" count="6" type="stmt"/>
      <line num="29" count="3" type="stmt"/>
      <line num="30" count="3" type="stmt"/>
      <line num="33" count="6" type="stmt"/>
    </file>
    <file name="util.ts" path="/home/whj/Documents/myProject/type-redux-hook/src/util.ts">
      <metrics statements="15" coveredstatements="15" conditionals="21" coveredconditionals="21" methods="2" coveredmethods="2"/>
      <line num="3" count="37" type="cond" truecount="2" falsecount="0"/>
      <line num="7" count="14" type="cond" truecount="3" falsecount="0"/>
      <line num="10" count="23" type="cond" truecount="2" falsecount="0"/>
      <line num="15" count="23" type="cond" truecount="2" falsecount="0"/>
      <line num="16" count="5" type="stmt"/>
      <line num="19" count="18" type="cond" truecount="6" falsecount="0"/>
      <line num="20" count="5" type="stmt"/>
      <line num="23" count="13" type="stmt"/>
      <line num="24" count="13" type="stmt"/>
      <line num="26" count="13" type="cond" truecount="2" falsecount="0"/>
      <line num="27" count="2" type="stmt"/>
      <line num="32" count="11" type="stmt"/>
      <line num="33" count="14" type="cond" truecount="4" falsecount="0"/>
      <line num="34" count="4" type="stmt"/>
      <line num="38" count="7" type="stmt"/>
    </file>
  </project>
</coverage>
