{"/home/whj/Documents/myProject/type-redux-hook/src/index.ts": {"path":"/home/whj/Documents/myProject/type-redux-hook/src/index.ts","statementMap":{"0":{"start":{"line":10,"column":2},"end":{"line":34,"column":4}},"1":{"start":{"line":11,"column":29},"end":{"line":11,"column":54}},"2":{"start":{"line":12,"column":30},"end":{"line":12,"column":88}},"3":{"start":{"line":13,"column":22},"end":{"line":13,"column":41}},"4":{"start":{"line":15,"column":19},"end":{"line":21,"column":10}},"5":{"start":{"line":16,"column":24},"end":{"line":16,"column":66}},"6":{"start":{"line":17,"column":6},"end":{"line":19,"column":7}},"7":{"start":{"line":18,"column":8},"end":{"line":18,"column":28}},"8":{"start":{"line":20,"column":6},"end":{"line":20,"column":36}},"9":{"start":{"line":23,"column":4},"end":{"line":26,"column":22}},"10":{"start":{"line":24,"column":6},"end":{"line":24,"column":45}},"11":{"start":{"line":25,"column":6},"end":{"line":25,"column":15}},"12":{"start":{"line":28,"column":4},"end":{"line":31,"column":11}},"13":{"start":{"line":29,"column":26},"end":{"line":29,"column":49}},"14":{"start":{"line":30,"column":6},"end":{"line":30,"column":33}},"15":{"start":{"line":30,"column":19},"end":{"line":30,"column":32}},"16":{"start":{"line":33,"column":4},"end":{"line":33,"column":17}}},"fnMap":{"0":{"name":"createUseMappedState","decl":{"start":{"line":9,"column":16},"end":{"line":9,"column":36}},"loc":{"start":{"line":9,"column":78},"end":{"line":35,"column":1}},"line":9},"1":{"name":"useMappedState","decl":{"start":{"line":10,"column":18},"end":{"line":10,"column":32}},"loc":{"start":{"line":10,"column":73},"end":{"line":34,"column":3}},"line":10},"2":{"name":"(anonymous_2)","decl":{"start":{"line":15,"column":37},"end":{"line":15,"column":38}},"loc":{"start":{"line":15,"column":43},"end":{"line":21,"column":5}},"line":15},"3":{"name":"(anonymous_3)","decl":{"start":{"line":23,"column":20},"end":{"line":23,"column":21}},"loc":{"start":{"line":23,"column":26},"end":{"line":26,"column":5}},"line":23},"4":{"name":"(anonymous_4)","decl":{"start":{"line":28,"column":20},"end":{"line":28,"column":21}},"loc":{"start":{"line":28,"column":26},"end":{"line":31,"column":5}},"line":28},"5":{"name":"(anonymous_5)","decl":{"start":{"line":30,"column":13},"end":{"line":30,"column":14}},"loc":{"start":{"line":30,"column":19},"end":{"line":30,"column":32}},"line":30}},"branchMap":{"0":{"loc":{"start":{"line":17,"column":6},"end":{"line":19,"column":7}},"type":"if","locations":[{"start":{"line":17,"column":6},"end":{"line":19,"column":7}},{"start":{"line":17,"column":6},"end":{"line":19,"column":7}}],"line":17}},"s":{"0":4,"1":6,"2":6,"3":6,"4":6,"5":7,"6":7,"7":2,"8":7,"9":6,"10":6,"11":6,"12":6,"13":3,"14":3,"15":1,"16":6},"f":{"0":4,"1":6,"2":7,"3":6,"4":3,"5":1},"b":{"0":[2,5]},"_coverageSchema":"43e27e138ebf9cfc5966b082cf9a028302ed4184","hash":"b4cbc0b4a3def09546e0e52bce7f5096626eb538"}
,"/home/whj/Documents/myProject/type-redux-hook/src/util.ts": {"path":"/home/whj/Documents/myProject/type-redux-hook/src/util.ts","statementMap":{"0":{"start":{"line":3,"column":2},"end":{"line":11,"column":3}},"1":{"start":{"line":7,"column":4},"end":{"line":7,"column":49}},"2":{"start":{"line":10,"column":4},"end":{"line":10,"column":30}},"3":{"start":{"line":15,"column":2},"end":{"line":17,"column":3}},"4":{"start":{"line":16,"column":4},"end":{"line":16,"column":16}},"5":{"start":{"line":19,"column":2},"end":{"line":21,"column":3}},"6":{"start":{"line":20,"column":4},"end":{"line":20,"column":17}},"7":{"start":{"line":23,"column":16},"end":{"line":23,"column":33}},"8":{"start":{"line":24,"column":16},"end":{"line":24,"column":33}},"9":{"start":{"line":26,"column":2},"end":{"line":28,"column":3}},"10":{"start":{"line":27,"column":4},"end":{"line":27,"column":17}},"11":{"start":{"line":32,"column":2},"end":{"line":36,"column":3}},"12":{"start":{"line":32,"column":15},"end":{"line":32,"column":16}},"13":{"start":{"line":33,"column":4},"end":{"line":35,"column":5}},"14":{"start":{"line":34,"column":6},"end":{"line":34,"column":19}},"15":{"start":{"line":38,"column":2},"end":{"line":38,"column":14}}},"fnMap":{"0":{"name":"is","decl":{"start":{"line":1,"column":16},"end":{"line":1,"column":18}},"loc":{"start":{"line":1,"column":35},"end":{"line":12,"column":1}},"line":1},"1":{"name":"shallowEqual","decl":{"start":{"line":14,"column":16},"end":{"line":14,"column":28}},"loc":{"start":{"line":14,"column":51},"end":{"line":39,"column":1}},"line":14}},"branchMap":{"0":{"loc":{"start":{"line":3,"column":2},"end":{"line":11,"column":3}},"type":"if","locations":[{"start":{"line":3,"column":2},"end":{"line":11,"column":3}},{"start":{"line":3,"column":2},"end":{"line":11,"column":3}}],"line":3},"1":{"loc":{"start":{"line":7,"column":11},"end":{"line":7,"column":48}},"type":"binary-expr","locations":[{"start":{"line":7,"column":11},"end":{"line":7,"column":18}},{"start":{"line":7,"column":22},"end":{"line":7,"column":29}},{"start":{"line":7,"column":33},"end":{"line":7,"column":48}}],"line":7},"2":{"loc":{"start":{"line":10,"column":11},"end":{"line":10,"column":29}},"type":"binary-expr","locations":[{"start":{"line":10,"column":11},"end":{"line":10,"column":18}},{"start":{"line":10,"column":22},"end":{"line":10,"column":29}}],"line":10},"3":{"loc":{"start":{"line":15,"column":2},"end":{"line":17,"column":3}},"type":"if","locations":[{"start":{"line":15,"column":2},"end":{"line":17,"column":3}},{"start":{"line":15,"column":2},"end":{"line":17,"column":3}}],"line":15},"4":{"loc":{"start":{"line":19,"column":2},"end":{"line":21,"column":3}},"type":"if","locations":[{"start":{"line":19,"column":2},"end":{"line":21,"column":3}},{"start":{"line":19,"column":2},"end":{"line":21,"column":3}}],"line":19},"5":{"loc":{"start":{"line":19,"column":6},"end":{"line":19,"column":92}},"type":"binary-expr","locations":[{"start":{"line":19,"column":6},"end":{"line":19,"column":30}},{"start":{"line":19,"column":34},"end":{"line":19,"column":47}},{"start":{"line":19,"column":51},"end":{"line":19,"column":75}},{"start":{"line":19,"column":79},"end":{"line":19,"column":92}}],"line":19},"6":{"loc":{"start":{"line":26,"column":2},"end":{"line":28,"column":3}},"type":"if","locations":[{"start":{"line":26,"column":2},"end":{"line":28,"column":3}},{"start":{"line":26,"column":2},"end":{"line":28,"column":3}}],"line":26},"7":{"loc":{"start":{"line":33,"column":4},"end":{"line":35,"column":5}},"type":"if","locations":[{"start":{"line":33,"column":4},"end":{"line":35,"column":5}},{"start":{"line":33,"column":4},"end":{"line":35,"column":5}}],"line":33},"8":{"loc":{"start":{"line":33,"column":8},"end":{"line":33,"column":100}},"type":"binary-expr","locations":[{"start":{"line":33,"column":8},"end":{"line":33,"column":61}},{"start":{"line":33,"column":65},"end":{"line":33,"column":100}}],"line":33}},"s":{"0":37,"1":14,"2":23,"3":23,"4":5,"5":18,"6":5,"7":13,"8":13,"9":13,"10":2,"11":11,"12":11,"13":14,"14":4,"15":7},"f":{"0":37,"1":23},"b":{"0":[14,23],"1":[14,1,1],"2":[23,2],"3":[5,18],"4":[5,13],"5":[18,13,13,13],"6":[2,11],"7":[4,10],"8":[14,14]},"_coverageSchema":"43e27e138ebf9cfc5966b082cf9a028302ed4184","hash":"1f210fb14ab2447b424bc204c3df62aaa97b4d59"}
}
