TN:
SF:/home/whj/Documents/myProject/type-redux-hook/src/index.ts
FN:9,createUseMappedState
FN:10,useMappedState
FN:15,(anonymous_2)
FN:23,(anonymous_3)
FN:28,(anonymous_4)
FN:30,(anonymous_5)
FNF:6
FNH:6
FNDA:4,createUseMappedState
FNDA:6,useMappedState
FNDA:7,(anonymous_2)
FNDA:6,(anonymous_3)
FNDA:3,(anonymous_4)
FNDA:1,(anonymous_5)
DA:10,4
DA:11,6
DA:12,6
DA:13,6
DA:15,6
DA:16,7
DA:17,7
DA:18,2
DA:20,7
DA:23,6
DA:24,6
DA:25,6
DA:28,6
DA:29,3
DA:30,3
DA:33,6
LF:16
LH:16
BRDA:17,0,0,2
BRDA:17,0,1,5
BRF:2
BRH:2
end_of_record
TN:
SF:/home/whj/Documents/myProject/type-redux-hook/src/util.ts
FN:1,is
FN:14,shallowEqual
FNF:2
FNH:2
FNDA:37,is
FNDA:23,shallowEqual
DA:3,37
DA:7,14
DA:10,23
DA:15,23
DA:16,5
DA:19,18
DA:20,5
DA:23,13
DA:24,13
DA:26,13
DA:27,2
DA:32,11
DA:33,14
DA:34,4
DA:38,7
LF:15
LH:15
BRDA:3,0,0,14
BRDA:3,0,1,23
BRDA:7,1,0,14
BRDA:7,1,1,1
BRDA:7,1,2,1
BRDA:10,2,0,23
BRDA:10,2,1,2
BRDA:15,3,0,5
BRDA:15,3,1,18
BRDA:19,4,0,5
BRDA:19,4,1,13
BRDA:19,5,0,18
BRDA:19,5,1,13
BRDA:19,5,2,13
BRDA:19,5,3,13
BRDA:26,6,0,2
BRDA:26,6,1,11
BRDA:33,7,0,4
BRDA:33,7,1,10
BRDA:33,8,0,14
BRDA:33,8,1,14
BRF:21
BRH:21
end_of_record
